#
# A fatal error has been detected by the Java Runtime Environment:
#
#  EXCEPTION_ACCESS_VIOLATION (0xc0000005) at pc=0x000000005b707066, pid=23940, tid=0x0000000000005040
#
# JRE version: Java(TM) SE Runtime Environment (8.0_181-b13) (build 1.8.0_181-b13)
# Java VM: Java HotSpot(TM) 64-Bit Server VM (25.181-b13 mixed mode windows-amd64 compressed oops)
# Problematic frame:
# V  [jvm.dll+0x237066]
#
# Failed to write core dump. Minidumps are not enabled by default on client versions of Windows
#
# If you would like to submit a bug report, please visit:
#   http://bugreport.java.com/bugreport/crash.jsp
#

---------------  T H R E A D  ---------------

Current thread (0x0000000019998800):  VMThread [stack: 0x000000001aa20000,0x000000001ab20000] [id=20544]

siginfo: ExceptionCode=0xc0000005, reading address 0x0000000000000008

Registers:
RAX=0x0000000000000000, RBX=0x000000001ab1ea20, RCX=0x000000001ab1ea20, RDX=0x0000000000000028
RSP=0x000000001ab1e750, RBP=0x000000001ab1ef60, RSI=0x0000000000000000, RDI=0x000000001ab1f0f0
R8 =0x0000000000000000, R9 =0x0000000019591cd8, R10=0x0000000000000008, R11=0x000000005bad7f18
R12=0x00000000198a55b0, R13=0x000000001ab1ef20, R14=0x00000000000003d8, R15=0x000000001ab1ef10
RIP=0x000000005b707066, EFLAGS=0x0000000000010202

Top of Stack: (sp=0x000000001ab1e750)
0x000000001ab1e750:   00000000198a54f0 000000005b716dbb
0x000000001ab1e760:   0000000019997ef0 0000000019997ef0
0x000000001ab1e770:   00000000da531918 00000000da531980
0x000000001ab1e780:   000000001ab1ee00 000000005b7171b9
0x000000001ab1e790:   000000001bbcc970 000000001ab1ee60
0x000000001ab1e7a0:   000000001ab1ee60 000000005b71727b
0x000000001ab1e7b0:   000000001bbce770 00000000da531cc0
0x000000001ab1e7c0:   00000000da531d28 000000001bbce170
0x000000001ab1e7d0:   000000000520f1f8 00000000053108da
0x000000001ab1e7e0:   0000000005310790 0000000000000000
0x000000001ab1e7f0:   000000000520f300 000000000520f220
0x000000001ab1e800:   0000000000000000 0000000000000000
0x000000001ab1e810:   00000000da531840 00000000da5318b0
0x000000001ab1e820:   00000000da531918 00000000da531980
0x000000001ab1e830:   00000000da5319e8 00000000da531a50
0x000000001ab1e840:   00000000da531ab8 00000000da531b20 

Instructions: (pc=0x000000005b707066)
0x000000005b707046:   01 00 00 48 8b 05 30 a8 5b 00 48 33 c4 48 89 84
0x000000005b707056:   24 30 01 00 00 4c 63 41 10 48 8b 41 08 48 8b d9
0x000000005b707066:   42 38 54 00 08 74 33 44 0f be c2 48 8d 4c 24 20
0x000000005b707076:   48 8d 15 13 e3 3e 00 e8 ee ec de ff 48 8d 0d 97 


Register to memory mapping:

RAX=0x0000000000000000 is an unknown value
RBX=0x000000001ab1ea20 is an unknown value
RCX=0x000000001ab1ea20 is an unknown value
RDX=0x0000000000000028 is an unknown value
RSP=0x000000001ab1e750 is an unknown value
RBP=0x000000001ab1ef60 is an unknown value
RSI=0x0000000000000000 is an unknown value
RDI=0x000000001ab1f0f0 is an unknown value
R8 =0x0000000000000000 is an unknown value
R9 =0x0000000019591cd8 is pointing into metadata
R10=0x0000000000000008 is an unknown value
R11=0x000000005bad7f18 is an unknown value
R12=0x00000000198a55b0 is an unknown value
R13=0x000000001ab1ef20 is an unknown value
R14=0x00000000000003d8 is an unknown value
R15=0x000000001ab1ef10 is an unknown value


Stack: [0x000000001aa20000,0x000000001ab20000],  sp=0x000000001ab1e750,  free space=1017k
Native frames: (J=compiled Java code, j=interpreted, Vv=VM code, C=native code)
V  [jvm.dll+0x237066]
V  [jvm.dll+0x2376e4]
V  [jvm.dll+0xff4a3]
V  [jvm.dll+0x102593]
V  [jvm.dll+0x10305f]
V  [jvm.dll+0x1038a5]
V  [jvm.dll+0x103af2]
V  [jvm.dll+0xc50be]
V  [jvm.dll+0xc5748]
V  [jvm.dll+0xc587a]
V  [jvm.dll+0xc5a78]
V  [jvm.dll+0x10f94a]
V  [jvm.dll+0x12d22f]
V  [jvm.dll+0x1bf3df]
V  [jvm.dll+0x24cc27]
V  [jvm.dll+0x24bec6]
V  [jvm.dll+0x24c361]
V  [jvm.dll+0x24c57e]
V  [jvm.dll+0x29e64a]
C  [msvcr100.dll+0x21d9f]
C  [msvcr100.dll+0x21e3b]
C  [KERNEL32.DLL+0x11fe4]
C  [ntdll.dll+0x6cb31]

VM_Operation (0x000000001b54f250): GetOrSetLocal, mode: safepoint, requested by thread 0x00000000199d9000


---------------  P R O C E S S  ---------------

Java Threads: ( => current thread )
  0x000000001c79e000 JavaThread "Okio Watchdog" daemon [_thread_blocked, id=23252, stack(0x000000001e820000,0x000000001e920000)]
  0x000000001c832000 JavaThread "Exec Stream Pumper" daemon [_thread_in_native, id=8560, stack(0x000000001d150000,0x000000001d250000)]
  0x000000001c59e800 JavaThread "Exec Stream Pumper" daemon [_thread_in_native, id=6140, stack(0x000000001d050000,0x000000001d150000)]
  0x000000001c603000 JavaThread "Exec Default Executor" daemon [_thread_in_native, id=17008, stack(0x000000001ce50000,0x000000001cf50000)]
  0x000000001c14f800 JavaThread "ReaderThread" [_thread_in_native, id=24484, stack(0x000000001c950000,0x000000001ca50000)]
  0x000000001b9a9000 JavaThread "Service Thread" daemon [_thread_blocked, id=11268, stack(0x000000001be50000,0x000000001bf50000)]
  0x000000001b968800 JavaThread "C1 CompilerThread2" daemon [_thread_blocked, id=24200, stack(0x000000001bd50000,0x000000001be50000)]
  0x00000000199fb000 JavaThread "C2 CompilerThread1" daemon [_thread_blocked, id=24644, stack(0x000000001b850000,0x000000001b950000)]
  0x00000000199f5800 JavaThread "C2 CompilerThread0" daemon [_thread_blocked, id=1784, stack(0x000000001b750000,0x000000001b850000)]
  0x00000000199e9800 JavaThread "JDWP Command Reader" daemon [_thread_in_native, id=23676, stack(0x000000001b650000,0x000000001b750000)]
  0x00000000199e8000 JavaThread "JDWP Event Helper Thread" daemon [_thread_blocked, id=24452, stack(0x000000001b550000,0x000000001b650000)]
  0x00000000199d9000 JavaThread "JDWP Transport Listener: dt_socket" daemon [_thread_blocked, id=19732, stack(0x000000001b450000,0x000000001b550000)]
  0x00000000199d1800 JavaThread "Attach Listener" daemon [_thread_blocked, id=17264, stack(0x000000001b010000,0x000000001b110000)]
  0x00000000199cf800 JavaThread "Signal Dispatcher" daemon [_thread_blocked, id=11796, stack(0x000000001af10000,0x000000001b010000)]
  0x00000000199ba800 JavaThread "Finalizer" daemon [_thread_blocked, id=6844, stack(0x000000001ac20000,0x000000001ad20000)]
  0x0000000005302800 JavaThread "Reference Handler" daemon [_thread_blocked, id=19664, stack(0x000000001ab20000,0x000000001ac20000)]
  0x0000000005213800 JavaThread "main" [_thread_blocked, id=18368, stack(0x0000000005110000,0x0000000005210000)]

Other Threads:
=>0x0000000019998800 VMThread [stack: 0x000000001aa20000,0x000000001ab20000] [id=20544]
  0x000000001b9b5000 WatcherThread [stack: 0x000000001bf50000,0x000000001c050000] [id=12936]

VM state:at safepoint (normal execution)

VM Mutex/Monitor currently owned by a thread:  ([mutex/lock_event])
[0x0000000005210c50] Threads_lock - owner thread: 0x0000000019998800

Heap:
 PSYoungGen      total 35840K, used 34186K [0x00000000d8700000, 0x00000000daf00000, 0x0000000100000000)
  eden space 30720K, 94% used [0x00000000d8700000,0x00000000da367f90,0x00000000da500000)
  from space 5120K, 99% used [0x00000000da500000,0x00000000da9fac30,0x00000000daa00000)
  to   space 5120K, 0% used [0x00000000daa00000,0x00000000daa00000,0x00000000daf00000)
 ParOldGen       total 81920K, used 1150K [0x0000000089400000, 0x000000008e400000, 0x00000000d8700000)
  object space 81920K, 1% used [0x0000000089400000,0x000000008951fa98,0x000000008e400000)
 Metaspace       used 17130K, capacity 17596K, committed 17792K, reserved 1064960K
  class space    used 2140K, capacity 2312K, committed 2432K, reserved 1048576K

Card table byte_map: [0x00000000146d0000,0x0000000014a90000] byte_map_base: 0x0000000014286000

Marking Bits: (ParMarkBitMap*) 0x000000005bcf2d00
 Begin Bits: [0x0000000015110000, 0x0000000016ec0000)
 End Bits:   [0x0000000016ec0000, 0x0000000018c70000)

Polling page: 0x0000000004fe0000

CodeCache: size=245760Kb used=5600Kb max_used=5600Kb free=240160Kb
 bounds [0x0000000005310000, 0x0000000005890000, 0x0000000014310000]
 total_blobs=2011 nmethods=1621 adapters=311
 compilation: enabled

Compilation events (10 events):
Event: 25.734 Thread 0x000000001b968800 1617       3       com.google.common.base.Preconditions::checkNotNull (18 bytes)
Event: 25.735 Thread 0x000000001b968800 nmethod 1617 0x00000000058868d0 code [0x0000000005886a60, 0x0000000005886e18]
Event: 25.735 Thread 0x000000001b968800 1618       3       com.google.gson.stream.JsonWriter::push (58 bytes)
Event: 25.735 Thread 0x000000001b968800 nmethod 1618 0x0000000005886fd0 code [0x0000000005887140, 0x0000000005887488]
Event: 25.926 Thread 0x000000001b968800 1619       3       okhttp3.Headers$Builder::<init> (18 bytes)
Event: 25.927 Thread 0x000000001b968800 nmethod 1619 0x00000000058875d0 code [0x0000000005887740, 0x00000000058879a8]
Event: 25.927 Thread 0x000000001b968800 1620       3       com.google.gson.stream.JsonWriter::value (24 bytes)
Event: 25.928 Thread 0x000000001b968800 nmethod 1620 0x0000000005887a90 code [0x0000000005887c40, 0x0000000005888048]
Event: 25.928 Thread 0x000000001b968800 1621       3       com.google.gson.JsonPrimitive::getAsString (38 bytes)
Event: 25.929 Thread 0x000000001b968800 nmethod 1621 0x0000000005888190 code [0x00000000058883a0, 0x0000000005889368]

GC Heap History (2 events):
Event: 3.158 GC heap before
{Heap before GC invocations=1 (full 0):
 PSYoungGen      total 35840K, used 30720K [0x00000000d8700000, 0x00000000daf00000, 0x0000000100000000)
  eden space 30720K, 100% used [0x00000000d8700000,0x00000000da500000,0x00000000da500000)
  from space 5120K, 0% used [0x00000000daa00000,0x00000000daa00000,0x00000000daf00000)
  to   space 5120K, 0% used [0x00000000da500000,0x00000000da500000,0x00000000daa00000)
 ParOldGen       total 81920K, used 0K [0x0000000089400000, 0x000000008e400000, 0x00000000d8700000)
  object space 81920K, 0% used [0x0000000089400000,0x0000000089400000,0x000000008e400000)
 Metaspace       used 11080K, capacity 11226K, committed 11392K, reserved 1058816K
  class space    used 1322K, capacity 1372K, committed 1408K, reserved 1048576K
Event: 3.172 GC heap after
Heap after GC invocations=1 (full 0):
 PSYoungGen      total 35840K, used 5099K [0x00000000d8700000, 0x00000000daf00000, 0x0000000100000000)
  eden space 30720K, 0% used [0x00000000d8700000,0x00000000d8700000,0x00000000da500000)
  from space 5120K, 99% used [0x00000000da500000,0x00000000da9fac30,0x00000000daa00000)
  to   space 5120K, 0% used [0x00000000daa00000,0x00000000daa00000,0x00000000daf00000)
 ParOldGen       total 81920K, used 1150K [0x0000000089400000, 0x000000008e400000, 0x00000000d8700000)
  object space 81920K, 1% used [0x0000000089400000,0x000000008951fa98,0x000000008e400000)
 Metaspace       used 11080K, capacity 11226K, committed 11392K, reserved 1058816K
  class space    used 1322K, capacity 1372K, committed 1408K, reserved 1048576K
}

Deoptimization events (10 events):
Event: 5.084 Thread 0x0000000005213800 Uncommon trap: reason=class_check action=maybe_recompile pc=0x00000000056b3d98 method=java.util.regex.Pattern$Curly.match(Ljava/util/regex/Matcher;ILjava/lang/CharSequence;)Z @ 19
Event: 5.111 Thread 0x0000000005213800 Uncommon trap: reason=class_check action=maybe_recompile pc=0x00000000056b3d98 method=java.util.regex.Pattern$Curly.match(Ljava/util/regex/Matcher;ILjava/lang/CharSequence;)Z @ 19
Event: 5.111 Thread 0x0000000005213800 Uncommon trap: reason=class_check action=maybe_recompile pc=0x00000000056b3d98 method=java.util.regex.Pattern$Curly.match(Ljava/util/regex/Matcher;ILjava/lang/CharSequence;)Z @ 19
Event: 5.274 Thread 0x0000000005213800 Uncommon trap: reason=unstable_if action=reinterpret pc=0x000000000569bb5c method=java.util.regex.Pattern$BmpCharProperty.match(Ljava/util/regex/Matcher;ILjava/lang/CharSequence;)Z @ 34
Event: 16.679 Thread 0x0000000005213800 Uncommon trap: reason=class_check action=maybe_recompile pc=0x00000000057f3204 method=java.util.concurrent.ConcurrentHashMap.putVal(Ljava/lang/Object;Ljava/lang/Object;Z)Ljava/lang/Object; @ 192
Event: 16.720 Thread 0x0000000005213800 Uncommon trap: reason=bimorphic action=maybe_recompile pc=0x00000000056cd4a4 method=java.util.HashMap.putVal(ILjava/lang/Object;Ljava/lang/Object;ZZ)Ljava/lang/Object; @ 203
Event: 16.763 Thread 0x0000000005213800 Uncommon trap: reason=bimorphic action=maybe_recompile pc=0x00000000056cd4a4 method=java.util.HashMap.putVal(ILjava/lang/Object;Ljava/lang/Object;ZZ)Ljava/lang/Object; @ 203
Event: 16.764 Thread 0x0000000005213800 Uncommon trap: reason=bimorphic action=maybe_recompile pc=0x00000000056cd4a4 method=java.util.HashMap.putVal(ILjava/lang/Object;Ljava/lang/Object;ZZ)Ljava/lang/Object; @ 203
Event: 16.764 Thread 0x0000000005213800 Uncommon trap: reason=bimorphic action=maybe_recompile pc=0x00000000056cd4a4 method=java.util.HashMap.putVal(ILjava/lang/Object;Ljava/lang/Object;ZZ)Ljava/lang/Object; @ 203
Event: 16.764 Thread 0x0000000005213800 Uncommon trap: reason=bimorphic action=maybe_recompile pc=0x000000000568f094 method=java.util.HashMap.putVal(ILjava/lang/Object;Ljava/lang/Object;ZZ)Ljava/lang/Object; @ 203

Classes redefined (4 events):
Event: 209.100 Thread 0x0000000019998800 redefined class name=CreateAnFuseApp.Project.TestCase1, count=1
Event: 249.497 Thread 0x0000000019998800 redefined class name=CreateAnFuseApp.Project.TestCase1, count=2
Event: 368.651 Thread 0x0000000019998800 redefined class name=selenium.pom.SeleniumUtility, count=1
Event: 391.443 Thread 0x0000000019998800 redefined class name=CreateAnFuseApp.Project.TestCase1, count=4

Internal exceptions (10 events):
Event: 24.968 Thread 0x0000000005213800 Exception <a 'java/net/SocketTimeoutException': Read timed out> (0x00000000da21f270) thrown at [C:\re\workspace\8-2-build-windows-amd64-cygwin\jdk8u181\11358\hotspot\src\share\vm\prims\jni.cpp, line 735]
Event: 24.989 Thread 0x0000000005213800 Exception <a 'java/net/SocketTimeoutException': Read timed out> (0x00000000da22de78) thrown at [C:\re\workspace\8-2-build-windows-amd64-cygwin\jdk8u181\11358\hotspot\src\share\vm\prims\jni.cpp, line 735]
Event: 25.066 Thread 0x0000000005213800 Exception <a 'java/net/SocketTimeoutException': Read timed out> (0x00000000da23a888) thrown at [C:\re\workspace\8-2-build-windows-amd64-cygwin\jdk8u181\11358\hotspot\src\share\vm\prims\jni.cpp, line 735]
Event: 25.086 Thread 0x0000000005213800 Exception <a 'java/net/SocketTimeoutException': Read timed out> (0x00000000da249878) thrown at [C:\re\workspace\8-2-build-windows-amd64-cygwin\jdk8u181\11358\hotspot\src\share\vm\prims\jni.cpp, line 735]
Event: 25.225 Thread 0x0000000005213800 Exception <a 'java/net/SocketTimeoutException': Read timed out> (0x00000000da256368) thrown at [C:\re\workspace\8-2-build-windows-amd64-cygwin\jdk8u181\11358\hotspot\src\share\vm\prims\jni.cpp, line 735]
Event: 25.294 Thread 0x0000000005213800 Exception <a 'java/net/SocketTimeoutException': Read timed out> (0x00000000da26f320) thrown at [C:\re\workspace\8-2-build-windows-amd64-cygwin\jdk8u181\11358\hotspot\src\share\vm\prims\jni.cpp, line 735]
Event: 25.318 Thread 0x0000000005213800 Exception <a 'java/net/SocketTimeoutException': Read timed out> (0x00000000da27dee0) thrown at [C:\re\workspace\8-2-build-windows-amd64-cygwin\jdk8u181\11358\hotspot\src\share\vm\prims\jni.cpp, line 735]
Event: 25.600 Thread 0x0000000005213800 Exception <a 'java/net/SocketTimeoutException': Read timed out> (0x00000000da28a848) thrown at [C:\re\workspace\8-2-build-windows-amd64-cygwin\jdk8u181\11358\hotspot\src\share\vm\prims\jni.cpp, line 735]
Event: 25.708 Thread 0x0000000005213800 Exception <a 'java/net/SocketTimeoutException': Read timed out> (0x00000000da2a3818) thrown at [C:\re\workspace\8-2-build-windows-amd64-cygwin\jdk8u181\11358\hotspot\src\share\vm\prims\jni.cpp, line 735]
Event: 25.740 Thread 0x0000000005213800 Exception <a 'java/net/SocketTimeoutException': Read timed out> (0x00000000da2b23e0) thrown at [C:\re\workspace\8-2-build-windows-amd64-cygwin\jdk8u181\11358\hotspot\src\share\vm\prims\jni.cpp, line 735]

Events (10 events):
Event: 441.528 Executing VM operation: GetOrSetLocal done
Event: 441.529 Executing VM operation: GetOrSetLocal
Event: 441.530 Executing VM operation: GetOrSetLocal done
Event: 464.373 Executing VM operation: EnterInterpOnlyMode
Event: 464.374 Executing VM operation: EnterInterpOnlyMode done
Event: 464.374 Executing VM operation: GetCurrentLocation
Event: 464.374 Executing VM operation: GetCurrentLocation done
Event: 464.374 Executing VM operation: ChangeSingleStep
Event: 464.374 Executing VM operation: ChangeSingleStep done
Event: 464.375 Executing VM operation: GetOrSetLocal


Dynamic libraries:
0x00007ff650e60000 - 0x00007ff650e97000 	C:\Program Files\Java\jre1.8.0_181\bin\javaw.exe
0x00007ffe8f5a0000 - 0x00007ffe8f780000 	C:\windows\SYSTEM32\ntdll.dll
0x00007ffe8cd80000 - 0x00007ffe8ce2e000 	C:\windows\System32\KERNEL32.DLL
0x00007ffe8c580000 - 0x00007ffe8c7e6000 	C:\windows\System32\KERNELBASE.dll
0x00007ffe8e5d0000 - 0x00007ffe8e671000 	C:\windows\System32\ADVAPI32.dll
0x00007ffe8eb40000 - 0x00007ffe8ebdd000 	C:\windows\System32\msvcrt.dll
0x00007ffe8e680000 - 0x00007ffe8e6db000 	C:\windows\System32\sechost.dll
0x00007ffe8f3b0000 - 0x00007ffe8f4cf000 	C:\windows\System32\RPCRT4.dll
0x00007ffe8e9b0000 - 0x00007ffe8eb3f000 	C:\windows\System32\USER32.dll
0x00007ffe8c560000 - 0x00007ffe8c580000 	C:\windows\System32\win32u.dll
0x00007ffe8f4d0000 - 0x00007ffe8f4f8000 	C:\windows\System32\GDI32.dll
0x00007ffe8ba20000 - 0x00007ffe8bbb3000 	C:\windows\System32\gdi32full.dll
0x00007ffe8bbc0000 - 0x00007ffe8bc5b000 	C:\windows\System32\msvcp_win.dll
0x00007ffe8bc60000 - 0x00007ffe8bd56000 	C:\windows\System32\ucrtbase.dll
0x00007ffe80e20000 - 0x00007ffe81089000 	C:\windows\WinSxS\amd64_microsoft.windows.common-controls_6595b64144ccf1df_6.0.16299.492_none_15c8d3609364b9b0\COMCTL32.dll
0x00007ffe8ca70000 - 0x00007ffe8cd77000 	C:\windows\System32\combase.dll
0x00007ffe8b9a0000 - 0x00007ffe8ba12000 	C:\windows\System32\bcryptPrimitives.dll
0x00007ffe8f310000 - 0x00007ffe8f33d000 	C:\windows\System32\IMM32.DLL
0x00007ffe6ec20000 - 0x00007ffe6eccf000 	C:\Program Files\McAfee\Endpoint Security\Threat Prevention\Ips\EpMPApi.dll
0x00007ffe8bd60000 - 0x00007ffe8bdb8000 	C:\windows\System32\WINTRUST.dll
0x00007ffe8b980000 - 0x00007ffe8b992000 	C:\windows\System32\MSASN1.dll
0x00007ffe8c8a0000 - 0x00007ffe8ca6e000 	C:\windows\System32\CRYPT32.dll
0x000000005cd70000 - 0x000000005cd7c000 	C:\Program Files\McAfee\Endpoint Security\Threat Prevention\Ips\EpMPThe.dll
0x000000005dd80000 - 0x000000005de52000 	C:\Program Files\Java\jre1.8.0_181\bin\msvcr100.dll
0x000000005b4d0000 - 0x000000005bd72000 	C:\Program Files\Java\jre1.8.0_181\bin\server\jvm.dll
0x00007ffe8f3a0000 - 0x00007ffe8f3a8000 	C:\windows\System32\PSAPI.DLL
0x00007ffe788d0000 - 0x00007ffe788d9000 	C:\windows\SYSTEM32\WSOCK32.dll
0x00007ffe86180000 - 0x00007ffe861a3000 	C:\windows\SYSTEM32\WINMM.dll
0x00007ffe8f500000 - 0x00007ffe8f56c000 	C:\windows\System32\WS2_32.dll
0x00007ffe86120000 - 0x00007ffe8614a000 	C:\windows\SYSTEM32\WINMMBASE.dll
0x00007ffe8bdc0000 - 0x00007ffe8be0a000 	C:\windows\System32\cfgmgr32.dll
0x00007ffe86860000 - 0x00007ffe8686a000 	C:\windows\SYSTEM32\VERSION.dll
0x000000005b4c0000 - 0x000000005b4cf000 	C:\Program Files\Java\jre1.8.0_181\bin\verify.dll
0x000000005b490000 - 0x000000005b4b9000 	C:\Program Files\Java\jre1.8.0_181\bin\java.dll
0x000000005dd40000 - 0x000000005dd75000 	C:\Program Files\Java\jre1.8.0_181\bin\jdwp.dll
0x000000005dd30000 - 0x000000005dd38000 	C:\Program Files\Java\jre1.8.0_181\bin\npt.dll
0x000000005b470000 - 0x000000005b486000 	C:\Program Files\Java\jre1.8.0_181\bin\zip.dll
0x00007ffe8d0c0000 - 0x00007ffe8e4f8000 	C:\windows\System32\SHELL32.dll
0x00007ffe8cfa0000 - 0x00007ffe8d046000 	C:\windows\System32\shcore.dll
0x00007ffe8be10000 - 0x00007ffe8c557000 	C:\windows\System32\windows.storage.dll
0x00007ffe8f340000 - 0x00007ffe8f391000 	C:\windows\System32\shlwapi.dll
0x00007ffe8b8f0000 - 0x00007ffe8b901000 	C:\windows\System32\kernel.appcore.dll
0x00007ffe8b910000 - 0x00007ffe8b95c000 	C:\windows\System32\powrprof.dll
0x00007ffe8b960000 - 0x00007ffe8b97b000 	C:\windows\System32\profapi.dll
0x000000005dd20000 - 0x000000005dd29000 	C:\Program Files\Java\jre1.8.0_181\bin\dt_socket.dll
0x00007ffe7cf40000 - 0x00007ffe7cf56000 	C:\windows\system32\napinsp.dll
0x00007ffe7cf60000 - 0x00007ffe7cf7a000 	C:\windows\system32\pnrpnsp.dll
0x00007ffe88460000 - 0x00007ffe88478000 	C:\windows\system32\NLAapi.dll
0x00007ffe8b180000 - 0x00007ffe8b1e6000 	C:\windows\System32\mswsock.dll
0x00007ffe8af50000 - 0x00007ffe8b006000 	C:\windows\SYSTEM32\DNSAPI.dll
0x00007ffe8d050000 - 0x00007ffe8d058000 	C:\windows\System32\NSI.dll
0x00007ffe8af10000 - 0x00007ffe8af49000 	C:\windows\SYSTEM32\IPHLPAPI.DLL
0x00007ffe7cf80000 - 0x00007ffe7cf8e000 	C:\windows\System32\winrnr.dll
0x00007ffe7cf90000 - 0x00007ffe7cfa5000 	C:\windows\System32\wshbth.dll
0x00007ffe873f0000 - 0x00007ffe87460000 	C:\windows\System32\fwpuclnt.dll
0x00007ffe8b4a0000 - 0x00007ffe8b4c5000 	C:\windows\SYSTEM32\bcrypt.dll
0x00007ffe800e0000 - 0x00007ffe800ea000 	C:\Windows\System32\rasadhlp.dll
0x000000005b430000 - 0x000000005b44a000 	C:\Program Files\Java\jre1.8.0_181\bin\net.dll
0x00007ffe8b340000 - 0x00007ffe8b357000 	C:\windows\SYSTEM32\CRYPTSP.dll
0x00007ffe8ad20000 - 0x00007ffe8ad53000 	C:\windows\system32\rsaenh.dll
0x00007ffe8b7f0000 - 0x00007ffe8b819000 	C:\windows\SYSTEM32\USERENV.dll
0x00007ffe8b360000 - 0x00007ffe8b36b000 	C:\windows\SYSTEM32\CRYPTBASE.dll
0x00007ffe86900000 - 0x00007ffe86916000 	C:\windows\SYSTEM32\dhcpcsvc6.DLL
0x00007ffe868e0000 - 0x00007ffe868fa000 	C:\windows\SYSTEM32\dhcpcsvc.DLL
0x000000005b360000 - 0x000000005b371000 	C:\Program Files\Java\jre1.8.0_181\bin\nio.dll
0x000000005b330000 - 0x000000005b354000 	C:\Program Files\Java\jre1.8.0_181\bin\sunec.dll
0x00007ffe76ff0000 - 0x00007ffe771b8000 	C:\windows\SYSTEM32\dbghelp.dll

VM Arguments:
jvm_args: -agentlib:jdwp=transport=dt_socket,suspend=y,address=localhost:64133 -ea -Dfile.encoding=Cp1252 
java_command: org.testng.remote.RemoteTestNG -serport 64131 -protocol json -d C:\Assignment\PlumFuse\Project\test-output C:\Users\skumar913\AppData\Local\Temp\testng-eclipse--479202143\testng-customsuite.xml
java_class_path (initial): C:\Users\skumar913\eclipse\java-2018-09\eclipse\configuration\org.eclipse.osgi\527\0\.cp\lib\testng-remote.jar;C:\Assignment\PlumFuse\Project\target\test-classes;C:\Assignment\PlumFuse\Project\target\classes;C:\jar\selenium-server-standalone-3.9.1.jar;C:\Selenium_Jars\selenium-java-3.4.0\client-combined-3.4.0-nodeps.jar;C:\Selenium_Jars\selenium-java-3.4.0\lib\cglib-nodep-3.2.4.jar;C:\Selenium_Jars\selenium-java-3.4.0\lib\commons-codec-1.10.jar;C:\Selenium_Jars\selenium-java-3.4.0\lib\commons-exec-1.3.jar;C:\Selenium_Jars\selenium-java-3.4.0\lib\commons-io-2.5.jar;C:\Selenium_Jars\selenium-java-3.4.0\lib\commons-lang3-3.5.jar;C:\Selenium_Jars\selenium-java-3.4.0\lib\commons-logging-1.2.jar;C:\Selenium_Jars\selenium-java-3.4.0\lib\cssparser-0.9.22.jar;C:\Selenium_Jars\selenium-java-3.4.0\lib\gson-2.8.0.jar;C:\Selenium_Jars\selenium-java-3.4.0\lib\guava-21.0.jar;C:\Selenium_Jars\selenium-java-3.4.0\lib\hamcrest-core-1.3.jar;C:\Selenium_Jars\selenium-java-3.4.0\lib\htmlunit-2.26.jar;C:\Selenium_Jars\selenium-java-3.4.0\lib\htmlunit-core-js-2.26.jar;C:\Selenium_Jars\selenium-java-3.4.0\lib\htmlunit-driver-2.26.jar;C:\Selenium_Jars\selenium-java-3.4.0\lib\httpclient-4.5.3.jar;C:\Selenium_Jars\selenium-java-3.4.0\lib\httpcore-4.4.6.jar;C:\Selenium_Jars\selenium-java-3.4.0\lib\httpmime-4.5.3.jar;C:\Selenium_Jars\selenium-java-3.4.0\lib\javax.servlet-api-3.1.0.jar;C:\Selenium_Jars\selenium-java-3.4.0\lib\jetty-io-9.4.1.v20170120.jar;C:\Selenium_Jars\selenium-java-3.4.0\lib\jetty-util-9.4.1.v20170120.jar;C:\Selenium_Jars\selenium-java-3.4.0\lib\jna-4.1.0.jar;C:\Selenium_Jars\selenium-java-3.4.0\lib\jna-platform-4.1.0.jar;C:\Selenium_Jars\selenium-java-3.4.0\lib\junit-4.12.jar;C:\Selenium_Jars\selenium-java-3.4.0\lib\neko-htmlunit-2.25.jar;C:\Selenium_Jars\selenium-java-3.4.0\lib\phantomjsdriver-1.4.0.jar;C:\Selenium_Jars\selenium-java-3.4.0\lib\sac-1.3.jar;C:\Selenium_Jars\selenium-java-3.4.0\lib\serializer-2.7.2.jar;C:\Selenium_Jars\selenium-jav
Launcher Type: SUN_STANDARD

Environment Variables:
JAVA_HOME=C:\Program Files\Java\jdk1.8.0_181
JRE_HOME=C:\Program Files\Java\jre1.8.0_181
PATH=C:/Program Files/Java/jre1.8.0_181/bin/server;C:/Program Files/Java/jre1.8.0_181/bin;C:/Program Files/Java/jre1.8.0_181/lib/amd64;C:\Program Files (x86)\Common Files\Oracle\Java\javapath;C:\Program Files (x86)\RSA SecurID Token Common;C:\Program Files\RSA SecurID Token Common;C:\windows\system32;C:\windows;C:\windows\System32\Wbem;C:\windows\System32\WindowsPowerShell\v1.0\;C:\Program Files (x86)\Symantec\VIP Access Client\;C:\Program Files\Java\jdk1.8.0_181\bin;C:\apache-maven-3.5.4\bin;%JRE_HOME\bin%;C:\Users\skumar913\AppData\Local\Microsoft\WindowsApps;;C:\Users\skumar913\Desktop;
USERNAME=skumar913
OS=Windows_NT
PROCESSOR_IDENTIFIER=AMD64 Family 21 Model 96 Stepping 1, AuthenticAMD



---------------  S Y S T E M  ---------------

OS: Windows 10.0 , 64 bit Build 16299 (10.0.16299.431)

CPU:total 4 (initial active 4) (4 cores per cpu, 1 threads per core) family 21 model 96 stepping 1, cmov, cx8, fxsr, mmx, sse, sse2, sse3, ssse3, sse4.1, sse4.2, popcnt, avx, avx2, aes, clmul, mmxext, 3dnowpref, lzcnt, sse4a, tsc, tscinvbit, tscinv, bmi1

Memory: 4k page, physical 7776616k(716132k free), swap 15496932k(2550084k free)

vm_info: Java HotSpot(TM) 64-Bit Server VM (25.181-b13) for windows-amd64 JRE (1.8.0_181-b13), built on Jul  7 2018 04:01:33 by "java_re" with MS VC++ 10.0 (VS2010)

time: Sun Oct 14 22:18:33 2018
elapsed time: 464 seconds (0d 0h 7m 44s)

