#
# A fatal error has been detected by the Java Runtime Environment:
#
#  EXCEPTION_ACCESS_VIOLATION (0xc0000005) at pc=0x0000000063c67066, pid=13708, tid=0x0000000000003a88
#
# JRE version: Java(TM) SE Runtime Environment (8.0_181-b13) (build 1.8.0_181-b13)
# Java VM: Java HotSpot(TM) 64-Bit Server VM (25.181-b13 mixed mode windows-amd64 compressed oops)
# Problematic frame:
# V  [jvm.dll+0x237066]
#
# Failed to write core dump. Minidumps are not enabled by default on client versions of Windows
#
# If you would like to submit a bug report, please visit:
#   http://bugreport.java.com/bugreport/crash.jsp
#

---------------  T H R E A D  ---------------

Current thread (0x0000000019b68800):  VMThread [stack: 0x000000001abf0000,0x000000001acf0000] [id=14984]

siginfo: ExceptionCode=0xc0000005, reading address 0x000000000072001c

Registers:
RAX=0x0000000000720014, RBX=0x000000001aceefc0, RCX=0x000000001aceefc0, RDX=0x0000000000720028
RSP=0x000000001aceecf0, RBP=0x000000001acef500, RSI=0x0000000000000000, RDI=0x000000001acef690
R8 =0x0000000000000000, R9 =0x0000000019760128, R10=0x0000000000000008, R11=0x0000000064037f18
R12=0x0000000019a75790, R13=0x000000001acef4c0, R14=0x00000000000003d8, R15=0x000000001acef4b0
RIP=0x0000000063c67066, EFLAGS=0x0000000000010202

Top of Stack: (sp=0x000000001aceecf0)
0x000000001aceecf0:   0000000000000000 0000000000000000
0x000000001aceed00:   00000000dab0bb88 00000000dab0bbf0
0x000000001aceed10:   00000000dab0bc60 00000000dab0bcc8
0x000000001aceed20:   00000000dab0bd40 00000000dab0bda8
0x000000001aceed30:   00000000dab0be20 00000000dab0be88
0x000000001aceed40:   00000000052ef658 00000000052ef658
0x000000001aceed50:   00000000dab0bfc0 00000000dab0c028
0x000000001aceed60:   00000000dab0c090 00000000dab0c0f8
0x000000001aceed70:   00000000dab0c160 00000000dab0c1c8
0x000000001aceed80:   00000000dab0c238 00000000dab0c2a0
0x000000001aceed90:   00000000dab0c308 00000000dab0c370
0x000000001aceeda0:   00000000dab0c3e8 00000000dab0c458
0x000000001aceedb0:   00000000dab0c4c0 00000000dab0c528
0x000000001aceedc0:   00000000dab0c590 00000000dab0c5f8
0x000000001aceedd0:   00000000dab0c660 00000000dab0c660
0x000000001aceede0:   00000000dab0c6c8 00000000dab0c730 

Instructions: (pc=0x0000000063c67066)
0x0000000063c67046:   01 00 00 48 8b 05 30 a8 5b 00 48 33 c4 48 89 84
0x0000000063c67056:   24 30 01 00 00 4c 63 41 10 48 8b 41 08 48 8b d9
0x0000000063c67066:   42 38 54 00 08 74 33 44 0f be c2 48 8d 4c 24 20
0x0000000063c67076:   48 8d 15 13 e3 3e 00 e8 ee ec de ff 48 8d 0d 97 


Register to memory mapping:

RAX=0x0000000000720014 is an unknown value
RBX=0x000000001aceefc0 is an unknown value
RCX=0x000000001aceefc0 is an unknown value
RDX=0x0000000000720028 is an unknown value
RSP=0x000000001aceecf0 is an unknown value
RBP=0x000000001acef500 is an unknown value
RSI=0x0000000000000000 is an unknown value
RDI=0x000000001acef690 is an unknown value
R8 =0x0000000000000000 is an unknown value
R9 =0x0000000019760128 is pointing into metadata
R10=0x0000000000000008 is an unknown value
R11=0x0000000064037f18 is an unknown value
R12=0x0000000019a75790 is an unknown value
R13=0x000000001acef4c0 is an unknown value
R14=0x00000000000003d8 is an unknown value
R15=0x000000001acef4b0 is an unknown value


Stack: [0x000000001abf0000,0x000000001acf0000],  sp=0x000000001aceecf0,  free space=1019k
Native frames: (J=compiled Java code, j=interpreted, Vv=VM code, C=native code)
V  [jvm.dll+0x237066]
V  [jvm.dll+0x2376e4]
V  [jvm.dll+0xff4a3]
V  [jvm.dll+0x102593]
V  [jvm.dll+0x10305f]
V  [jvm.dll+0x1038a5]
V  [jvm.dll+0x103af2]
V  [jvm.dll+0xc50be]
V  [jvm.dll+0xc5748]
V  [jvm.dll+0xc587a]
V  [jvm.dll+0xc5a78]
V  [jvm.dll+0x10f94a]
V  [jvm.dll+0x12d22f]
V  [jvm.dll+0x1bf3df]
V  [jvm.dll+0x24cc27]
V  [jvm.dll+0x24bec6]
V  [jvm.dll+0x24c361]
V  [jvm.dll+0x24c57e]
V  [jvm.dll+0x29e64a]
C  [msvcr100.dll+0x21d9f]
C  [msvcr100.dll+0x21e3b]
C  [KERNEL32.DLL+0x11fe4]
C  [ntdll.dll+0x6cb31]

VM_Operation (0x000000001b71f3d0): GetOrSetLocal, mode: safepoint, requested by thread 0x0000000019bab800


---------------  P R O C E S S  ---------------

Java Threads: ( => current thread )
  0x000000001c347000 JavaThread "Okio Watchdog" daemon [_thread_blocked, id=2676, stack(0x000000001e9f0000,0x000000001eaf0000)]
  0x000000001c346800 JavaThread "OkHttp ConnectionPool" daemon [_thread_blocked, id=1484, stack(0x000000001e6f0000,0x000000001e7f0000)]
  0x000000001c7ed800 JavaThread "Exec Stream Pumper" daemon [_thread_in_native, id=7720, stack(0x000000001d320000,0x000000001d420000)]
  0x000000001c851800 JavaThread "Exec Stream Pumper" daemon [_thread_in_native, id=13996, stack(0x000000001d220000,0x000000001d320000)]
  0x000000001c854000 JavaThread "Exec Default Executor" daemon [_thread_in_native, id=15236, stack(0x000000001d020000,0x000000001d120000)]
  0x000000001c317000 JavaThread "ReaderThread" [_thread_in_native, id=15752, stack(0x000000001cb20000,0x000000001cc20000)]
  0x000000001bb67000 JavaThread "Service Thread" daemon [_thread_blocked, id=2400, stack(0x000000001c020000,0x000000001c120000)]
  0x000000001bb43000 JavaThread "C1 CompilerThread2" daemon [_thread_blocked, id=10596, stack(0x000000001bf20000,0x000000001c020000)]
  0x0000000019be4800 JavaThread "C2 CompilerThread1" daemon [_thread_blocked, id=5280, stack(0x000000001ba20000,0x000000001bb20000)]
  0x0000000019bc8800 JavaThread "C2 CompilerThread0" daemon [_thread_blocked, id=1432, stack(0x000000001b920000,0x000000001ba20000)]
  0x0000000019bbb000 JavaThread "JDWP Command Reader" daemon [_thread_in_native, id=13676, stack(0x000000001b820000,0x000000001b920000)]
  0x0000000019bba000 JavaThread "JDWP Event Helper Thread" daemon [_thread_blocked, id=11772, stack(0x000000001b720000,0x000000001b820000)]
  0x0000000019bab800 JavaThread "JDWP Transport Listener: dt_socket" daemon [_thread_blocked, id=15060, stack(0x000000001b620000,0x000000001b720000)]
  0x0000000019ba1000 JavaThread "Attach Listener" daemon [_thread_blocked, id=8528, stack(0x000000001b1e0000,0x000000001b2e0000)]
  0x0000000019b9f000 JavaThread "Signal Dispatcher" daemon [_thread_blocked, id=15164, stack(0x000000001b0e0000,0x000000001b1e0000)]
  0x0000000019b8a800 JavaThread "Finalizer" daemon [_thread_blocked, id=14356, stack(0x000000001adf0000,0x000000001aef0000)]
  0x00000000054d2800 JavaThread "Reference Handler" daemon [_thread_blocked, id=10140, stack(0x000000001acf0000,0x000000001adf0000)]
  0x00000000053e3800 JavaThread "main" [_thread_blocked, id=9028, stack(0x00000000051f0000,0x00000000052f0000)]

Other Threads:
=>0x0000000019b68800 VMThread [stack: 0x000000001abf0000,0x000000001acf0000] [id=14984]
  0x000000001bb6c000 WatcherThread [stack: 0x000000001c120000,0x000000001c220000] [id=15540]

VM state:at safepoint (normal execution)

VM Mutex/Monitor currently owned by a thread:  ([mutex/lock_event])
[0x00000000053e0750] Threads_lock - owner thread: 0x0000000019b68800

Heap:
 PSYoungGen      total 35840K, used 15147K [0x00000000d8700000, 0x00000000daf00000, 0x0000000100000000)
  eden space 30720K, 32% used [0x00000000d8700000,0x00000000d90d2bc8,0x00000000da500000)
  from space 5120K, 99% used [0x00000000daa00000,0x00000000daef82f8,0x00000000daf00000)
  to   space 5120K, 0% used [0x00000000da500000,0x00000000da500000,0x00000000daa00000)
 ParOldGen       total 81920K, used 3076K [0x0000000089400000, 0x000000008e400000, 0x00000000d8700000)
  object space 81920K, 3% used [0x0000000089400000,0x0000000089701070,0x000000008e400000)
 Metaspace       used 17705K, capacity 18212K, committed 18560K, reserved 1064960K
  class space    used 2182K, capacity 2336K, committed 2432K, reserved 1048576K

Card table byte_map: [0x00000000148a0000,0x0000000014c60000] byte_map_base: 0x0000000014456000

Marking Bits: (ParMarkBitMap*) 0x0000000064252d00
 Begin Bits: [0x00000000152e0000, 0x0000000017090000)
 End Bits:   [0x0000000017090000, 0x0000000018e40000)

Polling page: 0x00000000037e0000

CodeCache: size=245760Kb used=7447Kb max_used=7457Kb free=238312Kb
 bounds [0x00000000054e0000, 0x0000000005c30000, 0x00000000144e0000]
 total_blobs=2684 nmethods=2294 adapters=311
 compilation: enabled

Compilation events (10 events):
Event: 65.869 Thread 0x000000001bb43000 2308       3       com.google.common.collect.AbstractMapBasedMultiset$1$1::getElement (10 bytes)
Event: 65.869 Thread 0x000000001bb43000 nmethod 2308 0x0000000005c28ed0 code [0x0000000005c29040, 0x0000000005c29268]
Event: 65.959 Thread 0x000000001bb43000 2310       3       java.lang.String::<init> (10 bytes)
Event: 65.960 Thread 0x000000001bb43000 nmethod 2310 0x0000000005c29310 code [0x0000000005c29480, 0x0000000005c29628]
Event: 66.033 Thread 0x000000001bb43000 2311       3       org.openqa.selenium.remote.Command::<init> (20 bytes)
Event: 66.034 Thread 0x000000001bb43000 nmethod 2311 0x0000000005c29710 code [0x0000000005c29860, 0x0000000005c29a50]
Event: 66.090 Thread 0x0000000019bc8800 2312       4       java.util.AbstractSet::<init> (5 bytes)
Event: 66.091 Thread 0x0000000019bc8800 nmethod 2312 0x0000000005bc6110 code [0x0000000005bc6240, 0x0000000005bc6298]
Event: 66.280 Thread 0x000000001bb43000 2313       3       com.google.common.collect.SingletonImmutableBiMap::get (20 bytes)
Event: 66.280 Thread 0x000000001bb43000 nmethod 2313 0x0000000005c2c290 code [0x0000000005c2c400, 0x0000000005c2c688]

GC Heap History (4 events):
Event: 3.491 GC heap before
{Heap before GC invocations=1 (full 0):
 PSYoungGen      total 35840K, used 30720K [0x00000000d8700000, 0x00000000daf00000, 0x0000000100000000)
  eden space 30720K, 100% used [0x00000000d8700000,0x00000000da500000,0x00000000da500000)
  from space 5120K, 0% used [0x00000000daa00000,0x00000000daa00000,0x00000000daf00000)
  to   space 5120K, 0% used [0x00000000da500000,0x00000000da500000,0x00000000daa00000)
 ParOldGen       total 81920K, used 0K [0x0000000089400000, 0x000000008e400000, 0x00000000d8700000)
  object space 81920K, 0% used [0x0000000089400000,0x0000000089400000,0x000000008e400000)
 Metaspace       used 11081K, capacity 11226K, committed 11392K, reserved 1058816K
  class space    used 1322K, capacity 1372K, committed 1408K, reserved 1048576K
Event: 3.505 GC heap after
Heap after GC invocations=1 (full 0):
 PSYoungGen      total 35840K, used 5090K [0x00000000d8700000, 0x00000000daf00000, 0x0000000100000000)
  eden space 30720K, 0% used [0x00000000d8700000,0x00000000d8700000,0x00000000da500000)
  from space 5120K, 99% used [0x00000000da500000,0x00000000da9f8bd8,0x00000000daa00000)
  to   space 5120K, 0% used [0x00000000daa00000,0x00000000daa00000,0x00000000daf00000)
 ParOldGen       total 81920K, used 1127K [0x0000000089400000, 0x000000008e400000, 0x00000000d8700000)
  object space 81920K, 1% used [0x0000000089400000,0x0000000089519ec0,0x000000008e400000)
 Metaspace       used 11081K, capacity 11226K, committed 11392K, reserved 1058816K
  class space    used 1322K, capacity 1372K, committed 1408K, reserved 1048576K
}
Event: 41.011 GC heap before
{Heap before GC invocations=2 (full 0):
 PSYoungGen      total 35840K, used 35810K [0x00000000d8700000, 0x00000000daf00000, 0x0000000100000000)
  eden space 30720K, 100% used [0x00000000d8700000,0x00000000da500000,0x00000000da500000)
  from space 5120K, 99% used [0x00000000da500000,0x00000000da9f8bd8,0x00000000daa00000)
  to   space 5120K, 0% used [0x00000000daa00000,0x00000000daa00000,0x00000000daf00000)
 ParOldGen       total 81920K, used 1127K [0x0000000089400000, 0x000000008e400000, 0x00000000d8700000)
  object space 81920K, 1% used [0x0000000089400000,0x0000000089519ec0,0x000000008e400000)
 Metaspace       used 17288K, capacity 17796K, committed 18048K, reserved 1064960K
  class space    used 2160K, capacity 2334K, committed 2432K, reserved 1048576K
Event: 41.033 GC heap after
Heap after GC invocations=2 (full 0):
 PSYoungGen      total 35840K, used 5088K [0x00000000d8700000, 0x00000000daf00000, 0x0000000100000000)
  eden space 30720K, 0% used [0x00000000d8700000,0x00000000d8700000,0x00000000da500000)
  from space 5120K, 99% used [0x00000000daa00000,0x00000000daef82f8,0x00000000daf00000)
  to   space 5120K, 0% used [0x00000000da500000,0x00000000da500000,0x00000000daa00000)
 ParOldGen       total 81920K, used 3076K [0x0000000089400000, 0x000000008e400000, 0x00000000d8700000)
  object space 81920K, 3% used [0x0000000089400000,0x0000000089701070,0x000000008e400000)
 Metaspace       used 17288K, capacity 17796K, committed 18048K, reserved 1064960K
  class space    used 2160K, capacity 2334K, committed 2432K, reserved 1048576K
}

Deoptimization events (10 events):
Event: 5.619 Thread 0x00000000053e3800 Uncommon trap: reason=class_check action=maybe_recompile pc=0x000000000587c6d8 method=java.util.regex.Pattern$Curly.match(Ljava/util/regex/Matcher;ILjava/lang/CharSequence;)Z @ 19
Event: 5.619 Thread 0x00000000053e3800 Uncommon trap: reason=class_check action=maybe_recompile pc=0x0000000005911174 method=java.util.regex.Matcher.search(I)Z @ 86
Event: 5.619 Thread 0x00000000053e3800 Uncommon trap: reason=class_check action=maybe_recompile pc=0x0000000005911174 method=java.util.regex.Matcher.search(I)Z @ 86
Event: 5.620 Thread 0x00000000053e3800 Uncommon trap: reason=class_check action=maybe_recompile pc=0x0000000005911174 method=java.util.regex.Matcher.search(I)Z @ 86
Event: 5.620 Thread 0x00000000053e3800 Uncommon trap: reason=class_check action=maybe_recompile pc=0x000000000587c6d8 method=java.util.regex.Pattern$Curly.match(Ljava/util/regex/Matcher;ILjava/lang/CharSequence;)Z @ 19
Event: 5.649 Thread 0x00000000053e3800 Uncommon trap: reason=class_check action=maybe_recompile pc=0x000000000587c6d8 method=java.util.regex.Pattern$Curly.match(Ljava/util/regex/Matcher;ILjava/lang/CharSequence;)Z @ 19
Event: 5.649 Thread 0x00000000053e3800 Uncommon trap: reason=class_check action=maybe_recompile pc=0x000000000587c6d8 method=java.util.regex.Pattern$Curly.match(Ljava/util/regex/Matcher;ILjava/lang/CharSequence;)Z @ 19
Event: 5.841 Thread 0x00000000053e3800 Uncommon trap: reason=unstable_if action=reinterpret pc=0x000000000586871c method=java.util.regex.Pattern$BmpCharProperty.match(Ljava/util/regex/Matcher;ILjava/lang/CharSequence;)Z @ 34
Event: 9.191 Thread 0x00000000053e3800 Uncommon trap: reason=unstable_if action=reinterpret pc=0x00000000059be360 method=java.util.concurrent.ConcurrentHashMap.putVal(Ljava/lang/Object;Ljava/lang/Object;Z)Ljava/lang/Object; @ 181
Event: 45.819 Thread 0x00000000053e3800 Uncommon trap: reason=unstable_if action=reinterpret pc=0x0000000005b6d2f4 method=com.google.gson.stream.JsonWriter.string(Ljava/lang/String;)V @ 143

Classes redefined (2 events):
Event: 105.409 Thread 0x0000000019b68800 redefined class name=CreateAnFuseApp.Project.TestCase1, count=1
Event: 177.229 Thread 0x0000000019b68800 redefined class name=CreateAnFuseApp.Project.TestCase1, count=2

Internal exceptions (10 events):
Event: 65.782 Thread 0x00000000053e3800 Exception <a 'java/net/SocketTimeoutException': Read timed out> (0x00000000d8f9b1d0) thrown at [C:\re\workspace\8-2-build-windows-amd64-cygwin\jdk8u181\11358\hotspot\src\share\vm\prims\jni.cpp, line 735]
Event: 65.810 Thread 0x00000000053e3800 Exception <a 'java/net/SocketTimeoutException': Read timed out> (0x00000000d8fa7640) thrown at [C:\re\workspace\8-2-build-windows-amd64-cygwin\jdk8u181\11358\hotspot\src\share\vm\prims\jni.cpp, line 735]
Event: 65.830 Thread 0x00000000053e3800 Exception <a 'java/net/SocketTimeoutException': Read timed out> (0x00000000d8fb3ee8) thrown at [C:\re\workspace\8-2-build-windows-amd64-cygwin\jdk8u181\11358\hotspot\src\share\vm\prims\jni.cpp, line 735]
Event: 65.866 Thread 0x00000000053e3800 Exception <a 'java/net/SocketTimeoutException': Read timed out> (0x00000000d8fc2a18) thrown at [C:\re\workspace\8-2-build-windows-amd64-cygwin\jdk8u181\11358\hotspot\src\share\vm\prims\jni.cpp, line 735]
Event: 65.962 Thread 0x00000000053e3800 Exception <a 'java/net/SocketTimeoutException': Read timed out> (0x00000000d8fcf160) thrown at [C:\re\workspace\8-2-build-windows-amd64-cygwin\jdk8u181\11358\hotspot\src\share\vm\prims\jni.cpp, line 735]
Event: 66.001 Thread 0x00000000053e3800 Exception <a 'java/net/SocketTimeoutException': Read timed out> (0x00000000d8fddf20) thrown at [C:\re\workspace\8-2-build-windows-amd64-cygwin\jdk8u181\11358\hotspot\src\share\vm\prims\jni.cpp, line 735]
Event: 66.039 Thread 0x00000000053e3800 Exception <a 'java/net/SocketTimeoutException': Read timed out> (0x00000000d8fec978) thrown at [C:\re\workspace\8-2-build-windows-amd64-cygwin\jdk8u181\11358\hotspot\src\share\vm\prims\jni.cpp, line 735]
Event: 66.094 Thread 0x00000000053e3800 Exception <a 'java/net/SocketTimeoutException': Read timed out> (0x00000000d8ff93c0) thrown at [C:\re\workspace\8-2-build-windows-amd64-cygwin\jdk8u181\11358\hotspot\src\share\vm\prims\jni.cpp, line 735]
Event: 66.131 Thread 0x00000000053e3800 Exception <a 'java/net/SocketTimeoutException': Read timed out> (0x00000000d9007e18) thrown at [C:\re\workspace\8-2-build-windows-amd64-cygwin\jdk8u181\11358\hotspot\src\share\vm\prims\jni.cpp, line 735]
Event: 66.183 Thread 0x00000000053e3800 Exception <a 'java/net/SocketTimeoutException': Read timed out> (0x00000000d9014250) thrown at [C:\re\workspace\8-2-build-windows-amd64-cygwin\jdk8u181\11358\hotspot\src\share\vm\prims\jni.cpp, line 735]

Events (10 events):
Event: 105.681 Executing VM operation: GetOrSetLocal done
Event: 177.202 Executing VM operation: RedefineClasses
Event: 177.230 Executing VM operation: RedefineClasses done
Event: 177.253 Executing VM operation: ChangeBreakpoints
Event: 177.256 Executing VM operation: ChangeBreakpoints done
Event: 177.445 Executing VM operation: GetOwnedMonitorInfo
Event: 177.445 Executing VM operation: GetOwnedMonitorInfo done
Event: 177.446 Executing VM operation: GetCurrentContendedMonitor
Event: 177.446 Executing VM operation: GetCurrentContendedMonitor done
Event: 177.463 Executing VM operation: GetOrSetLocal


Dynamic libraries:
0x00007ff6f6940000 - 0x00007ff6f6977000 	C:\Program Files\Java\jre1.8.0_181\bin\javaw.exe
0x00007ffe0c810000 - 0x00007ffe0c9f0000 	C:\windows\SYSTEM32\ntdll.dll
0x00007ffe0c1e0000 - 0x00007ffe0c28e000 	C:\windows\System32\KERNEL32.DLL
0x00007ffe08f80000 - 0x00007ffe091e6000 	C:\windows\System32\KERNELBASE.dll
0x00007ffe09ce0000 - 0x00007ffe09d81000 	C:\windows\System32\ADVAPI32.dll
0x00007ffe0a9b0000 - 0x00007ffe0aa4d000 	C:\windows\System32\msvcrt.dll
0x00007ffe0a710000 - 0x00007ffe0a76b000 	C:\windows\System32\sechost.dll
0x00007ffe0a2e0000 - 0x00007ffe0a3ff000 	C:\windows\System32\RPCRT4.dll
0x00007ffe0c5f0000 - 0x00007ffe0c77f000 	C:\windows\System32\USER32.dll
0x00007ffe09b10000 - 0x00007ffe09b30000 	C:\windows\System32\win32u.dll
0x00007ffe0c2a0000 - 0x00007ffe0c2c8000 	C:\windows\System32\GDI32.dll
0x00007ffe08c10000 - 0x00007ffe08da3000 	C:\windows\System32\gdi32full.dll
0x00007ffe09c40000 - 0x00007ffe09cdb000 	C:\windows\System32\msvcp_win.dll
0x00007ffe09270000 - 0x00007ffe09366000 	C:\windows\System32\ucrtbase.dll
0x00007ffdfe460000 - 0x00007ffdfe6c9000 	C:\windows\WinSxS\amd64_microsoft.windows.common-controls_6595b64144ccf1df_6.0.16299.492_none_15c8d3609364b9b0\COMCTL32.dll
0x00007ffe0a400000 - 0x00007ffe0a707000 	C:\windows\System32\combase.dll
0x00007ffe091f0000 - 0x00007ffe09262000 	C:\windows\System32\bcryptPrimitives.dll
0x00007ffe0aca0000 - 0x00007ffe0accd000 	C:\windows\System32\IMM32.DLL
0x00007ffdec3b0000 - 0x00007ffdec45f000 	C:\Program Files\McAfee\Endpoint Security\Threat Prevention\Ips\EpMPApi.dll
0x00007ffe09be0000 - 0x00007ffe09c38000 	C:\windows\System32\WINTRUST.dll
0x00007ffe08bf0000 - 0x00007ffe08c02000 	C:\windows\System32\MSASN1.dll
0x00007ffe08db0000 - 0x00007ffe08f7e000 	C:\windows\System32\CRYPT32.dll
0x0000000066510000 - 0x000000006651c000 	C:\Program Files\McAfee\Endpoint Security\Threat Prevention\Ips\EpMPThe.dll
0x00000000675f0000 - 0x00000000676c2000 	C:\Program Files\Java\jre1.8.0_181\bin\msvcr100.dll
0x0000000063a30000 - 0x00000000642d2000 	C:\Program Files\Java\jre1.8.0_181\bin\server\jvm.dll
0x00007ffe0c290000 - 0x00007ffe0c298000 	C:\windows\System32\PSAPI.DLL
0x00007ffe03820000 - 0x00007ffe03843000 	C:\windows\SYSTEM32\WINMM.dll
0x00007ffdfb100000 - 0x00007ffdfb109000 	C:\windows\SYSTEM32\WSOCK32.dll
0x00007ffe0aa50000 - 0x00007ffe0aabc000 	C:\windows\System32\WS2_32.dll
0x00007ffe00e30000 - 0x00007ffe00e3a000 	C:\windows\SYSTEM32\VERSION.dll
0x00007ffe037c0000 - 0x00007ffe037ea000 	C:\windows\SYSTEM32\winmmbase.dll
0x00007ffe09370000 - 0x00007ffe093ba000 	C:\windows\System32\cfgmgr32.dll
0x0000000065660000 - 0x000000006566f000 	C:\Program Files\Java\jre1.8.0_181\bin\verify.dll
0x0000000065630000 - 0x0000000065659000 	C:\Program Files\Java\jre1.8.0_181\bin\java.dll
0x00000000675b0000 - 0x00000000675e5000 	C:\Program Files\Java\jre1.8.0_181\bin\jdwp.dll
0x00000000675a0000 - 0x00000000675a8000 	C:\Program Files\Java\jre1.8.0_181\bin\npt.dll
0x0000000065610000 - 0x0000000065626000 	C:\Program Files\Java\jre1.8.0_181\bin\zip.dll
0x00007ffe0acd0000 - 0x00007ffe0c108000 	C:\windows\System32\SHELL32.dll
0x00007ffe0a7f0000 - 0x00007ffe0a896000 	C:\windows\System32\shcore.dll
0x00007ffe093c0000 - 0x00007ffe09b07000 	C:\windows\System32\windows.storage.dll
0x00007ffe0a280000 - 0x00007ffe0a2d1000 	C:\windows\System32\shlwapi.dll
0x00007ffe08b80000 - 0x00007ffe08b91000 	C:\windows\System32\kernel.appcore.dll
0x00007ffe08ba0000 - 0x00007ffe08bec000 	C:\windows\System32\powrprof.dll
0x00007ffe08b60000 - 0x00007ffe08b7b000 	C:\windows\System32\profapi.dll
0x0000000067590000 - 0x0000000067599000 	C:\Program Files\Java\jre1.8.0_181\bin\dt_socket.dll
0x00007ffdfccd0000 - 0x00007ffdfcce6000 	C:\windows\system32\napinsp.dll
0x00007ffdfccf0000 - 0x00007ffdfcd0a000 	C:\windows\system32\pnrpnsp.dll
0x00007ffe056d0000 - 0x00007ffe056e8000 	C:\windows\system32\NLAapi.dll
0x00007ffe08390000 - 0x00007ffe083f6000 	C:\windows\System32\mswsock.dll
0x00007ffe08160000 - 0x00007ffe08216000 	C:\windows\SYSTEM32\DNSAPI.dll
0x00007ffe0ac30000 - 0x00007ffe0ac38000 	C:\windows\System32\NSI.dll
0x00007ffe08120000 - 0x00007ffe08159000 	C:\windows\SYSTEM32\IPHLPAPI.DLL
0x00007ffdfcd60000 - 0x00007ffdfcd6e000 	C:\windows\System32\winrnr.dll
0x00007ffdfcd70000 - 0x00007ffdfcd85000 	C:\windows\System32\wshbth.dll
0x00007ffe04b60000 - 0x00007ffe04bd0000 	C:\windows\System32\fwpuclnt.dll
0x00007ffe08710000 - 0x00007ffe08735000 	C:\windows\SYSTEM32\bcrypt.dll
0x00007ffdfdcb0000 - 0x00007ffdfdcba000 	C:\Windows\System32\rasadhlp.dll
0x00000000655f0000 - 0x000000006560a000 	C:\Program Files\Java\jre1.8.0_181\bin\net.dll
0x00007ffe08560000 - 0x00007ffe08577000 	C:\windows\SYSTEM32\CRYPTSP.dll
0x00007ffe07f90000 - 0x00007ffe07fc3000 	C:\windows\system32\rsaenh.dll
0x00007ffe08a90000 - 0x00007ffe08ab9000 	C:\windows\SYSTEM32\USERENV.dll
0x00007ffe08550000 - 0x00007ffe0855b000 	C:\windows\SYSTEM32\CRYPTBASE.dll
0x00007ffe03da0000 - 0x00007ffe03db6000 	C:\windows\SYSTEM32\dhcpcsvc6.DLL
0x00007ffe03d80000 - 0x00007ffe03d9a000 	C:\windows\SYSTEM32\dhcpcsvc.DLL
0x00000000655d0000 - 0x00000000655e1000 	C:\Program Files\Java\jre1.8.0_181\bin\nio.dll
0x00000000655a0000 - 0x00000000655c4000 	C:\Program Files\Java\jre1.8.0_181\bin\sunec.dll
0x00007ffdf7120000 - 0x00007ffdf72e8000 	C:\windows\SYSTEM32\dbghelp.dll

VM Arguments:
jvm_args: -agentlib:jdwp=transport=dt_socket,suspend=y,address=localhost:49506 -ea -Dfile.encoding=Cp1252 
java_command: org.testng.remote.RemoteTestNG -serport 49503 -protocol json -d C:\Assignment\PlumFuse\Project\test-output C:\Users\skumar913\AppData\Local\Temp\testng-eclipse-1900910851\testng-customsuite.xml
java_class_path (initial): C:\Users\skumar913\eclipse\java-2018-09\eclipse\configuration\org.eclipse.osgi\527\0\.cp\lib\testng-remote.jar;C:\Assignment\PlumFuse\Project\target\test-classes;C:\Assignment\PlumFuse\Project\target\classes;C:\jar\selenium-server-standalone-3.9.1.jar;C:\Selenium_Jars\selenium-java-3.4.0\client-combined-3.4.0-nodeps.jar;C:\Selenium_Jars\selenium-java-3.4.0\lib\cglib-nodep-3.2.4.jar;C:\Selenium_Jars\selenium-java-3.4.0\lib\commons-codec-1.10.jar;C:\Selenium_Jars\selenium-java-3.4.0\lib\commons-exec-1.3.jar;C:\Selenium_Jars\selenium-java-3.4.0\lib\commons-io-2.5.jar;C:\Selenium_Jars\selenium-java-3.4.0\lib\commons-lang3-3.5.jar;C:\Selenium_Jars\selenium-java-3.4.0\lib\commons-logging-1.2.jar;C:\Selenium_Jars\selenium-java-3.4.0\lib\cssparser-0.9.22.jar;C:\Selenium_Jars\selenium-java-3.4.0\lib\gson-2.8.0.jar;C:\Selenium_Jars\selenium-java-3.4.0\lib\guava-21.0.jar;C:\Selenium_Jars\selenium-java-3.4.0\lib\hamcrest-core-1.3.jar;C:\Selenium_Jars\selenium-java-3.4.0\lib\htmlunit-2.26.jar;C:\Selenium_Jars\selenium-java-3.4.0\lib\htmlunit-core-js-2.26.jar;C:\Selenium_Jars\selenium-java-3.4.0\lib\htmlunit-driver-2.26.jar;C:\Selenium_Jars\selenium-java-3.4.0\lib\httpclient-4.5.3.jar;C:\Selenium_Jars\selenium-java-3.4.0\lib\httpcore-4.4.6.jar;C:\Selenium_Jars\selenium-java-3.4.0\lib\httpmime-4.5.3.jar;C:\Selenium_Jars\selenium-java-3.4.0\lib\javax.servlet-api-3.1.0.jar;C:\Selenium_Jars\selenium-java-3.4.0\lib\jetty-io-9.4.1.v20170120.jar;C:\Selenium_Jars\selenium-java-3.4.0\lib\jetty-util-9.4.1.v20170120.jar;C:\Selenium_Jars\selenium-java-3.4.0\lib\jna-4.1.0.jar;C:\Selenium_Jars\selenium-java-3.4.0\lib\jna-platform-4.1.0.jar;C:\Selenium_Jars\selenium-java-3.4.0\lib\junit-4.12.jar;C:\Selenium_Jars\selenium-java-3.4.0\lib\neko-htmlunit-2.25.jar;C:\Selenium_Jars\selenium-java-3.4.0\lib\phantomjsdriver-1.4.0.jar;C:\Selenium_Jars\selenium-java-3.4.0\lib\sac-1.3.jar;C:\Selenium_Jars\selenium-java-3.4.0\lib\serializer-2.7.2.jar;C:\Selenium_Jars\selenium-jav
Launcher Type: SUN_STANDARD

Environment Variables:
JAVA_HOME=C:\Program Files\Java\jdk1.8.0_181
JRE_HOME=C:\Program Files\Java\jre1.8.0_181
PATH=C:/Program Files/Java/jre1.8.0_181/bin/server;C:/Program Files/Java/jre1.8.0_181/bin;C:/Program Files/Java/jre1.8.0_181/lib/amd64;C:\Program Files (x86)\Common Files\Oracle\Java\javapath;C:\Program Files (x86)\RSA SecurID Token Common;C:\Program Files\RSA SecurID Token Common;C:\windows\system32;C:\windows;C:\windows\System32\Wbem;C:\windows\System32\WindowsPowerShell\v1.0\;C:\Program Files (x86)\Symantec\VIP Access Client\;C:\Program Files\Java\jdk1.8.0_181\bin;C:\apache-maven-3.5.4\bin;%JRE_HOME\bin%;C:\Users\skumar913\AppData\Local\Microsoft\WindowsApps;;C:\Users\skumar913\Desktop;
USERNAME=skumar913
OS=Windows_NT
PROCESSOR_IDENTIFIER=AMD64 Family 21 Model 96 Stepping 1, AuthenticAMD



---------------  S Y S T E M  ---------------

OS: Windows 10.0 , 64 bit Build 16299 (10.0.16299.431)

CPU:total 4 (initial active 4) (4 cores per cpu, 1 threads per core) family 21 model 96 stepping 1, cmov, cx8, fxsr, mmx, sse, sse2, sse3, ssse3, sse4.1, sse4.2, popcnt, avx, avx2, aes, clmul, mmxext, 3dnowpref, lzcnt, sse4a, tsc, tscinvbit, tscinv, bmi1

Memory: 4k page, physical 7776616k(1673772k free), swap 10135912k(1461100k free)

vm_info: Java HotSpot(TM) 64-Bit Server VM (25.181-b13) for windows-amd64 JRE (1.8.0_181-b13), built on Jul  7 2018 04:01:33 by "java_re" with MS VC++ 10.0 (VS2010)

time: Mon Oct 15 15:57:18 2018
elapsed time: 177 seconds (0d 0h 2m 57s)

